<?xml version="1.0" encoding="UTF-8"?>
<!-- Generated by org.testng.reporters.JUnitXMLReporter -->
<testsuite hostname="Nitro5Omar" failures="0" tests="4" name="Default test" time="0.032" errors="0" timestamp="19 May 2025 16:52:57 GMT">
  <testcase classname="test.Day3" name="WebloginCarLoan" time="0.0">
    <skipped/>
  </testcase> <!-- WebloginCarLoan -->
  <testcase classname="test.Day3" name="MobileLoginCarLoan" time="0.002"/>
  <testcase classname="test.Day3" name="MobileSignOutCarLoan" time="0.007"/>
  <testcase classname="test.Day3" name="APICarLoan" time="0.0">
    <skipped/>
  </testcase> <!-- APICarLoan -->
</testsuite> <!-- Default test -->
