<?xml version="1.0" encoding="UTF-8"?>
<!-- Generated by org.testng.reporters.JUnitXMLReporter -->
<testsuite hostname="Nitro5Omar" failures="0" tests="5" name="Car Loan" time="0.021" errors="0" timestamp="19 May 2025 20:15:28 GMT">
  <testcase classname="test.Day3" name="MobileLoginCarLoan" time="0.001"/>
  <testcase classname="test.Day3" name="MobileSignOutCarLoan" time="0.004"/>
  <testcase classname="test.Day3" name="MobileSignOutCarLoan" time="0.003"/>
  <testcase classname="test.Day3" name="MobileSignOutCarLoan" time="0.0"/>
  <testcase classname="test.Day3" name="WebloginCarLoan" time="0.001"/>
</testsuite> <!-- Car Loan -->
