<?xml version="1.0" encoding="UTF-8"?>
<!-- Generated by org.testng.reporters.JUnitXMLReporter -->
<testsuite hostname="Nitro5Omar" failures="0" tests="5" name="Car Loan" time="0.009" errors="0" timestamp="14 May 2025 18:02:04 GMT">
  <testcase classname="test.Day3" name="LoginAPICarLoan" time="0.0"/>
  <testcase classname="test.Day3" name="MobileLoginCarLoan" time="0.0"/>
  <testcase classname="test.Day3" name="MobileSignIn" time="0.001"/>
  <testcase classname="test.Day3" name="MobileSignOut" time="0.001"/>
  <testcase classname="test.Day3" name="WebloginCarLoan" time="0.0"/>
</testsuite> <!-- Car Loan -->
