<?xml version="1.0" encoding="UTF-8"?>
<!-- Generated by org.testng.reporters.JUnitXMLReporter -->
<testsuite hostname="Nitro5Omar" failures="0" tests="5" name="Personal Loan" time="0.041" errors="0" timestamp="14 May 2025 18:02:04 GMT">
  <testcase classname="test.Day1" name="demo" time="0.008"/>
  <testcase classname="test.Day2" name="ploan" time="0.002"/>
  <testcase classname="test.Day4" name="LoginAPIHomeLoan" time="0.001"/>
  <testcase classname="test.Day4" name="MobileLoginHomeLoan" time="0.001"/>
  <testcase classname="test.Day4" name="WebloginHomeLoan" time="0.001"/>
</testsuite> <!-- Personal Loan -->
