<?xml version="1.0" encoding="UTF-8"?>
<testng-results total="10" passed="10" failed="0" skipped="0">
  <reporter-output>
  </reporter-output>
  <suite started-at="2025-05-14T18:02:04Z" name="Loan Department" finished-at="2025-05-14T18:02:04Z" duration-ms="97">
    <groups>
    </groups>
    <test started-at="2025-05-14T18:02:04Z" name="Personal Loan" finished-at="2025-05-14T18:02:04Z" duration-ms="41">
      <class name="test.Day1">
        <test-method signature="demo()[pri:0, instance:test.Day1@2c78d320]" started-at="2025-05-14T12:02:04Z" name="demo" finished-at="2025-05-14T12:02:04Z" duration-ms="8" status="PASS">
          <reporter-output>
          </reporter-output>
        </test-method> <!-- demo -->
      </class> <!-- test.Day1 -->
      <class name="test.Day2">
        <test-method is-config="true" signature="prerequisite()[pri:0, instance:test.Day2@67d18ed7]" started-at="2025-05-14T12:02:04Z" name="prerequisite" finished-at="2025-05-14T12:02:04Z" duration-ms="9" status="PASS">
          <reporter-output>
          </reporter-output>
        </test-method> <!-- prerequisite -->
        <test-method signature="ploan()[pri:0, instance:test.Day2@67d18ed7]" started-at="2025-05-14T12:02:04Z" name="ploan" finished-at="2025-05-14T12:02:04Z" duration-ms="2" status="PASS">
          <reporter-output>
          </reporter-output>
        </test-method> <!-- ploan -->
      </class> <!-- test.Day2 -->
      <class name="test.Day4">
        <test-method signature="LoginAPIHomeLoan()[pri:0, instance:test.Day4@132e0cc]" started-at="2025-05-14T12:02:04Z" name="LoginAPIHomeLoan" finished-at="2025-05-14T12:02:04Z" duration-ms="1" status="PASS">
          <reporter-output>
          </reporter-output>
        </test-method> <!-- LoginAPIHomeLoan -->
        <test-method signature="MobileLoginHomeLoan()[pri:0, instance:test.Day4@132e0cc]" started-at="2025-05-14T12:02:04Z" name="MobileLoginHomeLoan" finished-at="2025-05-14T12:02:04Z" duration-ms="1" status="PASS">
          <reporter-output>
          </reporter-output>
        </test-method> <!-- MobileLoginHomeLoan -->
        <test-method signature="WebloginHomeLoan()[pri:0, instance:test.Day4@132e0cc]" started-at="2025-05-14T12:02:04Z" name="WebloginHomeLoan" finished-at="2025-05-14T12:02:04Z" duration-ms="1" status="PASS">
          <reporter-output>
          </reporter-output>
        </test-method> <!-- WebloginHomeLoan -->
      </class> <!-- test.Day4 -->
    </test> <!-- Personal Loan -->
    <test started-at="2025-05-14T18:02:04Z" name="Car Loan" finished-at="2025-05-14T18:02:04Z" duration-ms="9">
      <class name="test.Day3">
        <test-method signature="LoginAPICarLoan()[pri:0, instance:test.Day3@60df60da]" started-at="2025-05-14T12:02:04Z" name="LoginAPICarLoan" finished-at="2025-05-14T12:02:04Z" duration-ms="0" status="PASS">
          <reporter-output>
          </reporter-output>
        </test-method> <!-- LoginAPICarLoan -->
        <test-method signature="MobileLoginCarLoan()[pri:0, instance:test.Day3@60df60da]" started-at="2025-05-14T12:02:04Z" name="MobileLoginCarLoan" finished-at="2025-05-14T12:02:04Z" duration-ms="0" status="PASS">
          <reporter-output>
          </reporter-output>
        </test-method> <!-- MobileLoginCarLoan -->
        <test-method signature="MobileSignIn()[pri:0, instance:test.Day3@60df60da]" started-at="2025-05-14T12:02:04Z" name="MobileSignIn" finished-at="2025-05-14T12:02:04Z" duration-ms="1" status="PASS">
          <reporter-output>
          </reporter-output>
        </test-method> <!-- MobileSignIn -->
        <test-method signature="MobileSignOut()[pri:0, instance:test.Day3@60df60da]" started-at="2025-05-14T12:02:04Z" name="MobileSignOut" finished-at="2025-05-14T12:02:04Z" duration-ms="1" status="PASS">
          <reporter-output>
          </reporter-output>
        </test-method> <!-- MobileSignOut -->
        <test-method signature="WebloginCarLoan()[pri:0, instance:test.Day3@60df60da]" started-at="2025-05-14T12:02:04Z" name="WebloginCarLoan" finished-at="2025-05-14T12:02:04Z" duration-ms="0" status="PASS">
          <reporter-output>
          </reporter-output>
        </test-method> <!-- WebloginCarLoan -->
      </class> <!-- test.Day3 -->
    </test> <!-- Car Loan -->
  </suite> <!-- Loan Department -->
</testng-results>
