<?xml version="1.0" encoding="UTF-8"?>
<testng-results total="10" passed="10" failed="0" skipped="0">
  <reporter-output>
  </reporter-output>
  <suite started-at="2025-05-19T17:33:50Z" name="Loan Department" finished-at="2025-05-19T17:33:50Z" duration-ms="80">
    <groups>
      <group name="Smoke">
        <method signature="Day2.ploan()[pri:0, instance:test.Day2@7ce026d3]" name="ploan" class="test.Day2"/>
        <method signature="Day4.MobileLoginHomeLoan()[pri:0, instance:test.Day4@1750fbeb]" name="MobileLoginHomeLoan" class="test.Day4"/>
        <method signature="Day3.WebloginCarLoan(java.lang.String, java.lang.String)[pri:0, instance:test.Day3@4d0d9fe7]" name="WebloginCarLoan" class="test.Day3"/>
      </group> <!-- Smoke -->
    </groups>
    <test started-at="2025-05-19T17:33:50Z" name="Personal Loan" finished-at="2025-05-19T17:33:50Z" duration-ms="23">
      <class name="test.Day1">
        <test-method signature="demo()[pri:0, instance:test.Day1@7ce69770]" started-at="2025-05-19T11:33:50Z" name="demo" finished-at="2025-05-19T11:33:50Z" duration-ms="5" status="PASS">
          <reporter-output>
          </reporter-output>
        </test-method> <!-- demo -->
        <test-method is-config="true" signature="lastExecution()[pri:0, instance:test.Day1@7ce69770]" started-at="2025-05-19T11:33:50Z" name="lastExecution" finished-at="2025-05-19T11:33:50Z" duration-ms="0" status="PASS">
          <reporter-output>
          </reporter-output>
        </test-method> <!-- lastExecution -->
      </class> <!-- test.Day1 -->
      <class name="test.Day2">
        <test-method is-config="true" signature="prerequisite()[pri:0, instance:test.Day2@7ce026d3]" started-at="2025-05-19T11:33:50Z" name="prerequisite" finished-at="2025-05-19T11:33:50Z" duration-ms="0" status="PASS">
          <reporter-output>
          </reporter-output>
        </test-method> <!-- prerequisite -->
        <test-method signature="ploan()[pri:0, instance:test.Day2@7ce026d3]" started-at="2025-05-19T11:33:50Z" name="ploan" finished-at="2025-05-19T11:33:50Z" duration-ms="0" status="PASS">
          <reporter-output>
          </reporter-output>
        </test-method> <!-- ploan -->
      </class> <!-- test.Day2 -->
      <class name="test.Day4">
        <test-method signature="LoginAPIHomeLoan()[pri:0, instance:test.Day4@1750fbeb]" started-at="2025-05-19T11:33:50Z" name="LoginAPIHomeLoan" finished-at="2025-05-19T11:33:50Z" duration-ms="1" status="PASS">
          <reporter-output>
          </reporter-output>
        </test-method> <!-- LoginAPIHomeLoan -->
        <test-method signature="MobileLoginHomeLoan()[pri:0, instance:test.Day4@1750fbeb]" started-at="2025-05-19T11:33:50Z" name="MobileLoginHomeLoan" finished-at="2025-05-19T11:33:50Z" duration-ms="1" status="PASS">
          <reporter-output>
          </reporter-output>
        </test-method> <!-- MobileLoginHomeLoan -->
        <test-method signature="WebloginHomeLoan(java.lang.String)[pri:0, instance:test.Day4@1750fbeb]" started-at="2025-05-19T11:33:50Z" name="WebloginHomeLoan" finished-at="2025-05-19T11:33:50Z" duration-ms="2" status="PASS">
          <params>
            <param index="0">
              <value>
                <![CDATA[personalloan.com]]>
              </value>
            </param>
          </params>
          <reporter-output>
          </reporter-output>
        </test-method> <!-- WebloginHomeLoan -->
      </class> <!-- test.Day4 -->
    </test> <!-- Personal Loan -->
    <test started-at="2025-05-19T17:33:50Z" name="Car Loan" finished-at="2025-05-19T17:33:50Z" duration-ms="18">
      <class name="test.Day3">
        <test-method is-config="true" signature="BfSuite()[pri:0, instance:test.Day3@4d0d9fe7]" started-at="2025-05-19T11:33:50Z" name="BfSuite" finished-at="2025-05-19T11:33:50Z" duration-ms="8" status="PASS">
          <reporter-output>
          </reporter-output>
        </test-method> <!-- BfSuite -->
        <test-method is-config="true" signature="BfEvery()[pri:0, instance:test.Day3@4d0d9fe7]" started-at="2025-05-19T11:33:50Z" name="BfEvery" finished-at="2025-05-19T11:33:50Z" duration-ms="2" status="PASS">
          <reporter-output>
          </reporter-output>
        </test-method> <!-- BfEvery -->
        <test-method is-config="true" signature="befoclas()[pri:0, instance:test.Day3@4d0d9fe7]" started-at="2025-05-19T11:33:50Z" name="befoclas" finished-at="2025-05-19T11:33:50Z" duration-ms="0" status="PASS">
          <reporter-output>
          </reporter-output>
        </test-method> <!-- befoclas -->
        <test-method signature="MobileLoginCarLoan()[pri:0, instance:test.Day3@4d0d9fe7]" started-at="2025-05-19T11:33:50Z" name="MobileLoginCarLoan" finished-at="2025-05-19T11:33:50Z" duration-ms="1" status="PASS">
          <reporter-output>
          </reporter-output>
        </test-method> <!-- MobileLoginCarLoan -->
        <test-method is-config="true" signature="AfterEvery()[pri:0, instance:test.Day3@4d0d9fe7]" started-at="2025-05-19T11:33:50Z" name="AfterEvery" finished-at="2025-05-19T11:33:50Z" duration-ms="0" status="PASS">
          <reporter-output>
          </reporter-output>
        </test-method> <!-- AfterEvery -->
        <test-method is-config="true" signature="BfEvery()[pri:0, instance:test.Day3@4d0d9fe7]" started-at="2025-05-19T11:33:50Z" name="BfEvery" finished-at="2025-05-19T11:33:50Z" duration-ms="1" status="PASS">
          <reporter-output>
          </reporter-output>
        </test-method> <!-- BfEvery -->
        <test-method signature="MobileSignOutCarLoan(java.lang.String, java.lang.String)[pri:0, instance:test.Day3@4d0d9fe7]" started-at="2025-05-19T11:33:50Z" name="MobileSignOutCarLoan" data-provider="getData" finished-at="2025-05-19T11:33:50Z" duration-ms="4" status="PASS">
          <params>
            <param index="0">
              <value>
                <![CDATA[firstUserName]]>
              </value>
            </param>
            <param index="1">
              <value>
                <![CDATA[firstPassword]]>
              </value>
            </param>
          </params>
          <reporter-output>
          </reporter-output>
        </test-method> <!-- MobileSignOutCarLoan -->
        <test-method is-config="true" signature="AfterEvery()[pri:0, instance:test.Day3@4d0d9fe7]" started-at="2025-05-19T11:33:50Z" name="AfterEvery" finished-at="2025-05-19T11:33:50Z" duration-ms="0" status="PASS">
          <reporter-output>
          </reporter-output>
        </test-method> <!-- AfterEvery -->
        <test-method is-config="true" signature="BfEvery()[pri:0, instance:test.Day3@4d0d9fe7]" started-at="2025-05-19T11:33:50Z" name="BfEvery" finished-at="2025-05-19T11:33:50Z" duration-ms="0" status="PASS">
          <reporter-output>
          </reporter-output>
        </test-method> <!-- BfEvery -->
        <test-method signature="MobileSignOutCarLoan(java.lang.String, java.lang.String)[pri:0, instance:test.Day3@4d0d9fe7]" started-at="2025-05-19T11:33:50Z" name="MobileSignOutCarLoan" data-provider="getData" finished-at="2025-05-19T11:33:50Z" duration-ms="1" status="PASS">
          <params>
            <param index="0">
              <value>
                <![CDATA[secondUserName]]>
              </value>
            </param>
            <param index="1">
              <value>
                <![CDATA[secondPassword]]>
              </value>
            </param>
          </params>
          <reporter-output>
          </reporter-output>
        </test-method> <!-- MobileSignOutCarLoan -->
        <test-method is-config="true" signature="BfEvery()[pri:0, instance:test.Day3@4d0d9fe7]" started-at="2025-05-19T11:33:50Z" name="BfEvery" finished-at="2025-05-19T11:33:50Z" duration-ms="1" status="PASS">
          <reporter-output>
          </reporter-output>
        </test-method> <!-- BfEvery -->
        <test-method is-config="true" signature="AfterEvery()[pri:0, instance:test.Day3@4d0d9fe7]" started-at="2025-05-19T11:33:50Z" name="AfterEvery" finished-at="2025-05-19T11:33:50Z" duration-ms="0" status="PASS">
          <reporter-output>
          </reporter-output>
        </test-method> <!-- AfterEvery -->
        <test-method is-config="true" signature="AfterEvery()[pri:0, instance:test.Day3@4d0d9fe7]" started-at="2025-05-19T11:33:50Z" name="AfterEvery" finished-at="2025-05-19T11:33:50Z" duration-ms="0" status="PASS">
          <reporter-output>
          </reporter-output>
        </test-method> <!-- AfterEvery -->
        <test-method signature="MobileSignOutCarLoan(java.lang.String, java.lang.String)[pri:0, instance:test.Day3@4d0d9fe7]" started-at="2025-05-19T11:33:50Z" name="MobileSignOutCarLoan" data-provider="getData" finished-at="2025-05-19T11:33:50Z" duration-ms="0" status="PASS">
          <params>
            <param index="0">
              <value>
                <![CDATA[thirdUserName]]>
              </value>
            </param>
            <param index="1">
              <value>
                <![CDATA[thirdPassword]]>
              </value>
            </param>
          </params>
          <reporter-output>
          </reporter-output>
        </test-method> <!-- MobileSignOutCarLoan -->
        <test-method signature="WebloginCarLoan(java.lang.String, java.lang.String)[pri:0, instance:test.Day3@4d0d9fe7]" started-at="2025-05-19T11:33:50Z" name="WebloginCarLoan" finished-at="2025-05-19T11:33:50Z" duration-ms="0" status="PASS">
          <params>
            <param index="0">
              <value>
                <![CDATA[carloan.com]]>
              </value>
            </param>
            <param index="1">
              <value>
                <![CDATA[123456]]>
              </value>
            </param>
          </params>
          <reporter-output>
          </reporter-output>
        </test-method> <!-- WebloginCarLoan -->
        <test-method is-config="true" signature="BfEvery()[pri:0, instance:test.Day3@4d0d9fe7]" started-at="2025-05-19T11:33:50Z" name="BfEvery" finished-at="2025-05-19T11:33:50Z" duration-ms="0" status="PASS">
          <reporter-output>
          </reporter-output>
        </test-method> <!-- BfEvery -->
        <test-method is-config="true" signature="AfterEvery()[pri:0, instance:test.Day3@4d0d9fe7]" started-at="2025-05-19T11:33:50Z" name="AfterEvery" finished-at="2025-05-19T11:33:50Z" duration-ms="1" status="PASS">
          <reporter-output>
          </reporter-output>
        </test-method> <!-- AfterEvery -->
        <test-method is-config="true" signature="afclass()[pri:0, instance:test.Day3@4d0d9fe7]" started-at="2025-05-19T11:33:50Z" name="afclass" finished-at="2025-05-19T11:33:50Z" duration-ms="0" status="PASS">
          <reporter-output>
          </reporter-output>
        </test-method> <!-- afclass -->
        <test-method is-config="true" signature="AfSuite()[pri:0, instance:test.Day3@4d0d9fe7]" started-at="2025-05-19T11:33:50Z" name="AfSuite" finished-at="2025-05-19T11:33:50Z" duration-ms="0" status="PASS">
          <reporter-output>
          </reporter-output>
        </test-method> <!-- AfSuite -->
      </class> <!-- test.Day3 -->
    </test> <!-- Car Loan -->
  </suite> <!-- Loan Department -->
</testng-results>
